Using pre-set license
Built from '2020.3/china_unity/release' branch; Version is '2020.3.25f1c1 (fd09ccef852e) revision 16583116'; Using compiler version '192528614'; Build Type 'Release'
OS: 'Windows 7  (6.1.0) 64bit Ultimate' Language: 'zh' Physical Memory: 16316 MB
BatchMode: 1, IsHumanControllingUs: 0, StartBugReporterOnCrash: 0, Is64bit: 1, IsPro: 0

COMMAND LINE ARGUMENTS:
C:\Program Files\Unity\Hub\Editor\2020.3.25f1c1\Editor\Unity.exe
-adb2
-batchMode
-noUpm
-name
AssetImportWorker0
-projectPath
C:/Users/husheng/Desktop/myProject/4GameFramework/myGameFramework/Client
-logFile
Logs/AssetImportWorker0.log
-srvPort
9401
Successfully changed project path to: C:/Users/husheng/Desktop/myProject/4GameFramework/myGameFramework/Client
C:/Users/husheng/Desktop/myProject/4GameFramework/myGameFramework/Client
Using Asset Import Pipeline V2.
AS: AutoStreaming module initializing.Refreshing native plugins compatible for Editor in 359.45 ms, found 4 plugins.
Preloading 0 native plugins for Editor in 0.00 ms.
Initialize engine version: 2020.3.25f1c1 (fd09ccef852e)
[Subsystems] Discovering subsystems at path C:/Program Files/Unity/Hub/Editor/2020.3.25f1c1/Editor/Data/Resources/UnitySubsystems
[Subsystems] Discovering subsystems at path C:/Users/husheng/Desktop/myProject/4GameFramework/myGameFramework/Client/Assets
GfxDevice: creating device client; threaded=0
d3d11: CreateDXGIFactory2(...) not found, fallbacking to CreateDXGIFactory1(...).
d3d11: D3D_FEATURE_LEVEL_11_1 not-recognized (only 11.0 runtime installed?)
d3d11: QueryInterface(IDXGIFactory5) failed (80004002).
Direct3D:
    Version:  Direct3D 11.0 [level 11.0]
    Renderer: NVIDIA GeForce GTX 750 Ti (ID=0x1380)
    Vendor:   
    VRAM:     1984 MB
    Driver:   24.21.13.9764
Initialize mono
Mono path[0] = 'C:/Program Files/Unity/Hub/Editor/2020.3.25f1c1/Editor/Data/Managed'
Mono path[1] = 'C:/Program Files/Unity/Hub/Editor/2020.3.25f1c1/Editor/Data/MonoBleedingEdge/lib/mono/unityjit'
Mono config path = 'C:/Program Files/Unity/Hub/Editor/2020.3.25f1c1/Editor/Data/MonoBleedingEdge/etc'
Using monoOptions --debugger-agent=transport=dt_socket,embedding=1,server=y,suspend=n,address=127.0.0.1:56952
Begin MonoManager ReloadAssembly
Registering precompiled unity dll's ...
Register platform support module: C:/Program Files/Unity/Hub/Editor/2020.3.25f1c1/Editor/Data/PlaybackEngines/WindowsStandaloneSupport/UnityEditor.WindowsStandalone.Extensions.dll
Registered in 0.002671 seconds.
Native extension for WindowsStandalone target not found
Refreshing native plugins compatible for Editor in 267.58 ms, found 4 plugins.
Preloading 0 native plugins for Editor in 0.00 ms.
Mono: successfully reloaded assembly
- Completed reload, in  1.834 seconds
Domain Reload Profiling:
	ReloadAssembly (1834ms)
		BeginReloadAssembly (139ms)
			ExecutionOrderSort (0ms)
			DisableScriptedObjects (0ms)
			BackupInstance (0ms)
			ReleaseScriptingObjects (0ms)
			CreateAndSetChildDomain (1ms)
		EndReloadAssembly (1472ms)
			LoadAssemblies (132ms)
			RebuildTransferFunctionScriptingTraits (0ms)
			SetupTypeCache (228ms)
			ReleaseScriptCaches (0ms)
			RebuildScriptCaches (195ms)
			SetupLoadedEditorAssemblies (575ms)
				LogAssemblyErrors (0ms)
				InitializePlatformSupportModulesInManaged (8ms)
				SetLoadedEditorAssemblies (0ms)
				RefreshPlugins (268ms)
				BeforeProcessingInitializeOnLoad (18ms)
				ProcessInitializeOnLoadAttributes (241ms)
				ProcessInitializeOnLoadMethodAttributes (40ms)
				AfterProcessingInitializeOnLoad (0ms)
				EditorAssembliesLoaded (0ms)
			ExecutionOrderSort2 (0ms)
			AwakeInstancesAfterBackupRestoration (0ms)
Platform modules already initialized, skipping
Registering precompiled user dll's ...
Registered in 0.039499 seconds.
Begin MonoManager ReloadAssembly
OnLevelWasLoaded was found on Reporter
This message has been deprecated and will be removed in a later version of Unity.
Add a delegate to SceneManager.sceneLoaded instead to get notifications after scene loading has completed
Native extension for WindowsStandalone target not found
Refreshing native plugins compatible for Editor in 170.29 ms, found 4 plugins.
Preloading 0 native plugins for Editor in 0.00 ms.
Mono: successfully reloaded assembly
- Completed reload, in  3.525 seconds
Domain Reload Profiling:
	ReloadAssembly (3526ms)
		BeginReloadAssembly (208ms)
			ExecutionOrderSort (0ms)
			DisableScriptedObjects (5ms)
			BackupInstance (0ms)
			ReleaseScriptingObjects (0ms)
			CreateAndSetChildDomain (22ms)
		EndReloadAssembly (3207ms)
			LoadAssemblies (174ms)
			RebuildTransferFunctionScriptingTraits (0ms)
			SetupTypeCache (746ms)
			ReleaseScriptCaches (1ms)
			RebuildScriptCaches (945ms)
			SetupLoadedEditorAssemblies (958ms)
				LogAssemblyErrors (0ms)
				InitializePlatformSupportModulesInManaged (4ms)
				SetLoadedEditorAssemblies (0ms)
				RefreshPlugins (170ms)
				BeforeProcessingInitializeOnLoad (292ms)
				ProcessInitializeOnLoadAttributes (347ms)
				ProcessInitializeOnLoadMethodAttributes (134ms)
				AfterProcessingInitializeOnLoad (10ms)
				EditorAssembliesLoaded (0ms)
			ExecutionOrderSort2 (0ms)
			AwakeInstancesAfterBackupRestoration (6ms)
Platform modules already initialized, skipping
========================================================================
Worker process is ready to serve import requests
Launched and connected shader compiler UnityShaderCompiler.exe after 0.05 seconds
Refreshing native plugins compatible for Editor in 1.64 ms, found 4 plugins.
Preloading 0 native plugins for Editor in 0.00 ms.
Unloading 5488 Unused Serialized files (Serialized files now loaded: 0)
System memory in use before: 218.5 MB.
System memory in use after: 218.8 MB.

Unloading 85 unused Assets to reduce memory usage. Loaded Objects now: 5903.
Total: 13.118715 ms (FindLiveObjects: 0.945713 ms CreateObjectMapping: 0.593797 ms MarkObjects: 11.495798 ms  DeleteObjects: 0.081483 ms)

AssetImportParameters requested are different than current active one (requested -> active):
  custom:framework-win-MediaFoundation: 216162199b28c13a410421893ffa2e32 -> 
  custom:video-decoder-ogg-theora: a1e56fd34408186e4bbccfd4996cb3dc -> 
  custom:container-muxer-webm: aa71ff27fc2769a1b78a27578f13a17b -> 
  custom:container-demuxer-webm: 4f35f7cbe854078d1ac9338744f61a02 -> 
  custom:container-demuxer-ogg: 62fdf1f143b41e24485cea50d1cbac27 -> 
  custom:video-encoder-webm-vp8: eb34c28f22e8b96e1ab97ce403110664 -> 
  custom:video-decoder-webm-vp8: 9c59270c3fd7afecdb556c50c9e8de78 -> 
  custom:audio-decoder-ogg-vorbis: bf7c407c2cedff20999df2af8eb42d56 -> 
  custom:audio-encoder-webm-vorbis: bf7c407c2cedff20999df2af8eb42d56 -> 
========================================================================
Received Import Request.
  path: Assets/Scripts/Framework/Resource/Proxy/AbsAssetProxy.cs
  artifactKey: Guid(d66565c68aa5cfb4bb571dfaa957b1eb) Importer(815301076,1909f56bfc062723c751e8b465ee728b)
Start importing Assets/Scripts/Framework/Resource/Proxy/AbsAssetProxy.cs using Guid(d66565c68aa5cfb4bb571dfaa957b1eb) Importer(815301076,1909f56bfc062723c751e8b465ee728b)  -> (artifact id: 'e8a7667df748c135faa9a92e5234c157') in 0.152307 seconds 
  Import took 0.162749 seconds .

========================================================================
Received Import Request.
  Time since last request: 369.207165 seconds.
  path: Assets/Scripts/Framework/Resource/ResourceMgr.LoadAssetBundle.cs
  artifactKey: Guid(01dd25712418c9a419f1f958f892613b) Importer(815301076,1909f56bfc062723c751e8b465ee728b)
Start importing Assets/Scripts/Framework/Resource/ResourceMgr.LoadAssetBundle.cs using Guid(01dd25712418c9a419f1f958f892613b) Importer(815301076,1909f56bfc062723c751e8b465ee728b)  -> (artifact id: 'd2a2ed40388406cef391492af0868bd1') in 0.003709 seconds 
  Import took 0.013616 seconds .

========================================================================
Received Import Request.
  Time since last request: 202.422073 seconds.
  path: Assets/Scripts/Framework/Editor/AssetBundleEditor/Base
  artifactKey: Guid(7acd23ce06be9744e92f2396e1a53d1f) Importer(815301076,1909f56bfc062723c751e8b465ee728b)
Start importing Assets/Scripts/Framework/Editor/AssetBundleEditor/Base using Guid(7acd23ce06be9744e92f2396e1a53d1f) Importer(815301076,1909f56bfc062723c751e8b465ee728b)  -> (artifact id: 'ed17a93c624d768873dc038d5d12b945') in 0.007297 seconds 
  Import took 0.018985 seconds .

========================================================================
Received Import Request.
  Time since last request: 0.597167 seconds.
  path: Assets/Scripts/Framework/Editor/AssetBundleEditor/Base/AssetBuildDefine.cs
  artifactKey: Guid(f063e09302e806846b78eb13b2f64e8f) Importer(815301076,1909f56bfc062723c751e8b465ee728b)
Start importing Assets/Scripts/Framework/Editor/AssetBundleEditor/Base/AssetBuildDefine.cs using Guid(f063e09302e806846b78eb13b2f64e8f) Importer(815301076,1909f56bfc062723c751e8b465ee728b)  -> (artifact id: 'fd66099aa7804b1cf461e8806ed6a590') in 0.003961 seconds 
  Import took 0.014895 seconds .

========================================================================
Received Import Request.
  Time since last request: 0.696324 seconds.
  path: Assets/Scripts/Framework/Editor/AssetBundleEditor/Base/AssetBundleGenerate.cs
  artifactKey: Guid(959ae35ec0aa2b748b1901f6e34bdd8e) Importer(815301076,1909f56bfc062723c751e8b465ee728b)
Start importing Assets/Scripts/Framework/Editor/AssetBundleEditor/Base/AssetBundleGenerate.cs using Guid(959ae35ec0aa2b748b1901f6e34bdd8e) Importer(815301076,1909f56bfc062723c751e8b465ee728b)  -> (artifact id: 'ef7f3e611cd666be8d73e7e8b59f3978') in 0.004124 seconds 
  Import took 0.014515 seconds .

========================================================================
Received Import Request.
  Time since last request: 0.634494 seconds.
  path: Assets/Scripts/Framework/Editor/AssetBundleEditor/Base/AssetDependenciesAnalysis.cs
  artifactKey: Guid(bb69c1d553561d14483d58ff09fab39c) Importer(815301076,1909f56bfc062723c751e8b465ee728b)
Start importing Assets/Scripts/Framework/Editor/AssetBundleEditor/Base/AssetDependenciesAnalysis.cs using Guid(bb69c1d553561d14483d58ff09fab39c) Importer(815301076,1909f56bfc062723c751e8b465ee728b)  -> (artifact id: 'e9e4ffb380e1f2e4469c81f4dfba6a9e') in 0.004492 seconds 
  Import took 0.017474 seconds .

========================================================================
Received Import Request.
  Time since last request: 0.405762 seconds.
  path: Assets/Scripts/Framework/Editor/AssetBundleEditor/AssetBundleEditor.cs
  artifactKey: Guid(969b2e12f1aa1d04fab2c7797c3a112e) Importer(815301076,1909f56bfc062723c751e8b465ee728b)
Start importing Assets/Scripts/Framework/Editor/AssetBundleEditor/AssetBundleEditor.cs using Guid(969b2e12f1aa1d04fab2c7797c3a112e) Importer(815301076,1909f56bfc062723c751e8b465ee728b)  -> (artifact id: '470c3e2c26a1e9273884361917765304') in 0.004860 seconds 
  Import took 0.014980 seconds .

========================================================================
Received Import Request.
  Time since last request: 0.461650 seconds.
  path: Assets/Scripts/Framework/Editor/AssetBundleEditor/ExportABPackage.cs
  artifactKey: Guid(6ae14ab66154a7d43951ed994609cc86) Importer(815301076,1909f56bfc062723c751e8b465ee728b)
Start importing Assets/Scripts/Framework/Editor/AssetBundleEditor/ExportABPackage.cs using Guid(6ae14ab66154a7d43951ed994609cc86) Importer(815301076,1909f56bfc062723c751e8b465ee728b)  -> (artifact id: '4d67c0ca42c69b5019a176876c6b10b8') in 0.003929 seconds 
  Import took 0.013802 seconds .

========================================================================
Received Import Request.
  Time since last request: 0.723897 seconds.
  path: Assets/Scripts/Framework/Editor/AssetPostprocessor
  artifactKey: Guid(0665f1af973093444943a4993ed96db7) Importer(815301076,1909f56bfc062723c751e8b465ee728b)
Start importing Assets/Scripts/Framework/Editor/AssetPostprocessor using Guid(0665f1af973093444943a4993ed96db7) Importer(815301076,1909f56bfc062723c751e8b465ee728b)  -> (artifact id: '7ae969569e4de1abc538789073b76e70') in 0.005660 seconds 
  Import took 0.016421 seconds .

========================================================================
Received Import Request.
  Time since last request: 615.653151 seconds.
  path: Assets/Scripts/Framework/Patch/PatchMgr.cs
  artifactKey: Guid(d92739bec47a34b459e3836f3a909dce) Importer(815301076,1909f56bfc062723c751e8b465ee728b)
Start importing Assets/Scripts/Framework/Patch/PatchMgr.cs using Guid(d92739bec47a34b459e3836f3a909dce) Importer(815301076,1909f56bfc062723c751e8b465ee728b)  -> (artifact id: 'de37d051ed31bac1343a1c4bb4f27818') in 0.005073 seconds 
  Import took 0.017901 seconds .

========================================================================
Received Import Request.
  Time since last request: 5.307268 seconds.
  path: Assets/Scripts/Framework/Patch/PatchEventHandler.cs
  artifactKey: Guid(461556c592c39e645849766da785a700) Importer(815301076,1909f56bfc062723c751e8b465ee728b)
Start importing Assets/Scripts/Framework/Patch/PatchEventHandler.cs using Guid(461556c592c39e645849766da785a700) Importer(815301076,1909f56bfc062723c751e8b465ee728b)  -> (artifact id: '1609d67dbb6c5e49312b6d6f061c87f9') in 0.004349 seconds 
  Import took 0.018645 seconds .

========================================================================
Received Import Request.
  Time since last request: 0.897109 seconds.
  path: Assets/Scripts/Framework/Patch/AppVersion.cs
  artifactKey: Guid(6256c6cb358321940a3694b5a3f1537a) Importer(815301076,1909f56bfc062723c751e8b465ee728b)
Start importing Assets/Scripts/Framework/Patch/AppVersion.cs using Guid(6256c6cb358321940a3694b5a3f1537a) Importer(815301076,1909f56bfc062723c751e8b465ee728b)  -> (artifact id: '842cf0cca2a019d20ec04c657d36e13e') in 0.005639 seconds 
  Import took 0.017307 seconds .

========================================================================
Received Prepare
Registering precompiled user dll's ...
Registered in 0.022680 seconds.
OnLevelWasLoaded was found on Reporter
This message has been deprecated and will be removed in a later version of Unity.
Add a delegate to SceneManager.sceneLoaded instead to get notifications after scene loading has completed
Begin MonoManager ReloadAssembly
OnLevelWasLoaded was found on Reporter
This message has been deprecated and will be removed in a later version of Unity.
Add a delegate to SceneManager.sceneLoaded instead to get notifications after scene loading has completed
Native extension for WindowsStandalone target not found
Refreshing native plugins compatible for Editor in 1.39 ms, found 4 plugins.
Preloading 0 native plugins for Editor in 0.00 ms.
Mono: successfully reloaded assembly
- Completed reload, in  2.219 seconds
Domain Reload Profiling:
	ReloadAssembly (2220ms)
		BeginReloadAssembly (204ms)
			ExecutionOrderSort (0ms)
			DisableScriptedObjects (8ms)
			BackupInstance (0ms)
			ReleaseScriptingObjects (0ms)
			CreateAndSetChildDomain (47ms)
		EndReloadAssembly (1923ms)
			LoadAssemblies (184ms)
			RebuildTransferFunctionScriptingTraits (0ms)
			SetupTypeCache (543ms)
			ReleaseScriptCaches (3ms)
			RebuildScriptCaches (88ms)
			SetupLoadedEditorAssemblies (951ms)
				LogAssemblyErrors (0ms)
				InitializePlatformSupportModulesInManaged (6ms)
				SetLoadedEditorAssemblies (1ms)
				RefreshPlugins (1ms)
				BeforeProcessingInitializeOnLoad (398ms)
				ProcessInitializeOnLoadAttributes (411ms)
				ProcessInitializeOnLoadMethodAttributes (107ms)
				AfterProcessingInitializeOnLoad (26ms)
				EditorAssembliesLoaded (1ms)
			ExecutionOrderSort2 (0ms)
			AwakeInstancesAfterBackupRestoration (21ms)
Platform modules already initialized, skipping
Switching build target platform(19) subTarget(0) extendedPlatform(0) -> platform(13) subTarget(589824) extendedPlatform(0)
Refreshing native plugins compatible for Editor in 1.39 ms, found 4 plugins.
Preloading 0 native plugins for Editor in 0.00 ms.
Unloading 5395 Unused Serialized files (Serialized files now loaded: 0)
System memory in use before: 208.6 MB.
System memory in use after: 209.1 MB.

Unloading 74 unused Assets to reduce memory usage. Loaded Objects now: 5905.
Total: 14.351542 ms (FindLiveObjects: 0.454250 ms CreateObjectMapping: 0.576153 ms MarkObjects: 13.278473 ms  DeleteObjects: 0.040741 ms)

AssetImportParameters requested are different than current active one (requested -> active):
  custom:framework-win-MediaFoundation: 216162199b28c13a410421893ffa2e32 -> 
  custom:video-decoder-ogg-theora: a1e56fd34408186e4bbccfd4996cb3dc -> 
  custom:container-muxer-webm: aa71ff27fc2769a1b78a27578f13a17b -> 
  custom:container-demuxer-webm: 4f35f7cbe854078d1ac9338744f61a02 -> 
  custom:container-demuxer-ogg: 62fdf1f143b41e24485cea50d1cbac27 -> 
  custom:video-encoder-webm-vp8: eb34c28f22e8b96e1ab97ce403110664 -> 
  custom:video-decoder-webm-vp8: 9c59270c3fd7afecdb556c50c9e8de78 -> 
  custom:graphics/normal-map-encoding: 01000000000000000000000000000000 -> 02000000000000000000000000000000
  custom:audio-decoder-ogg-vorbis: bf7c407c2cedff20999df2af8eb42d56 -> 
  custom:audio-encoder-webm-vorbis: bf7c407c2cedff20999df2af8eb42d56 -> 
========================================================================
Received Import Request.
  Time since last request: 3181.606090 seconds.
  path: Assets/Scripts/Framework/Patch/AppVersion.cs
  artifactKey: Guid(6256c6cb358321940a3694b5a3f1537a) Importer(815301076,1909f56bfc062723c751e8b465ee728b)
Start importing Assets/Scripts/Framework/Patch/AppVersion.cs using Guid(6256c6cb358321940a3694b5a3f1537a) Importer(815301076,1909f56bfc062723c751e8b465ee728b)  -> (artifact id: 'a173085a2a58e4e250b4673821444762') in 0.013160 seconds 
  Import took 0.022463 seconds .

========================================================================
Received Prepare
Refreshing native plugins compatible for Editor in 44.52 ms, found 4 plugins.
Preloading 0 native plugins for Editor in 0.00 ms.
Unloading 71 Unused Serialized files (Serialized files now loaded: 0)
System memory in use before: 105.6 MB.
System memory in use after: 106.1 MB.

Unloading 70 unused Assets to reduce memory usage. Loaded Objects now: 5905.
Total: 8.912411 ms (FindLiveObjects: 0.819639 ms CreateObjectMapping: 0.542149 ms MarkObjects: 7.505070 ms  DeleteObjects: 0.043629 ms)

AssetImportParameters requested are different than current active one (requested -> active):
  custom:framework-win-MediaFoundation: 216162199b28c13a410421893ffa2e32 -> 
  custom:video-decoder-ogg-theora: a1e56fd34408186e4bbccfd4996cb3dc -> 
  custom:container-muxer-webm: aa71ff27fc2769a1b78a27578f13a17b -> 
  custom:container-demuxer-webm: 4f35f7cbe854078d1ac9338744f61a02 -> 
  custom:container-demuxer-ogg: 62fdf1f143b41e24485cea50d1cbac27 -> 
  custom:video-encoder-webm-vp8: eb34c28f22e8b96e1ab97ce403110664 -> 
  custom:video-decoder-webm-vp8: 9c59270c3fd7afecdb556c50c9e8de78 -> 
  custom:audio-decoder-ogg-vorbis: bf7c407c2cedff20999df2af8eb42d56 -> 
  custom:audio-encoder-webm-vorbis: bf7c407c2cedff20999df2af8eb42d56 -> 
========================================================================
Received Prepare
Refreshing native plugins compatible for Editor in 453.73 ms, found 4 plugins.
Preloading 0 native plugins for Editor in 0.00 ms.
Unloading 71 Unused Serialized files (Serialized files now loaded: 0)
System memory in use before: 105.6 MB.
System memory in use after: 106.1 MB.

Unloading 70 unused Assets to reduce memory usage. Loaded Objects now: 5905.
Total: 42.154467 ms (FindLiveObjects: 0.564605 ms CreateObjectMapping: 0.572625 ms MarkObjects: 40.979384 ms  DeleteObjects: 0.036571 ms)

AssetImportParameters requested are different than current active one (requested -> active):
  custom:framework-win-MediaFoundation: 216162199b28c13a410421893ffa2e32 -> 
  custom:video-decoder-ogg-theora: a1e56fd34408186e4bbccfd4996cb3dc -> 
  custom:container-muxer-webm: aa71ff27fc2769a1b78a27578f13a17b -> 
  custom:container-demuxer-webm: 4f35f7cbe854078d1ac9338744f61a02 -> 
  custom:container-demuxer-ogg: 62fdf1f143b41e24485cea50d1cbac27 -> 
  custom:video-encoder-webm-vp8: eb34c28f22e8b96e1ab97ce403110664 -> 
  custom:video-decoder-webm-vp8: 9c59270c3fd7afecdb556c50c9e8de78 -> 
  custom:audio-decoder-ogg-vorbis: bf7c407c2cedff20999df2af8eb42d56 -> 
  custom:audio-encoder-webm-vorbis: bf7c407c2cedff20999df2af8eb42d56 -> 
========================================================================
Received Prepare
Refreshing native plugins compatible for Editor in 75.09 ms, found 4 plugins.
Preloading 0 native plugins for Editor in 0.00 ms.
Unloading 71 Unused Serialized files (Serialized files now loaded: 0)
System memory in use before: 105.6 MB.
System memory in use after: 106.1 MB.

Unloading 70 unused Assets to reduce memory usage. Loaded Objects now: 5905.
Total: 8.960852 ms (FindLiveObjects: 0.423774 ms CreateObjectMapping: 0.385278 ms MarkObjects: 8.079620 ms  DeleteObjects: 0.069934 ms)

AssetImportParameters requested are different than current active one (requested -> active):
  custom:framework-win-MediaFoundation: 216162199b28c13a410421893ffa2e32 -> 
  custom:video-decoder-ogg-theora: a1e56fd34408186e4bbccfd4996cb3dc -> 
  custom:container-muxer-webm: aa71ff27fc2769a1b78a27578f13a17b -> 
  custom:container-demuxer-webm: 4f35f7cbe854078d1ac9338744f61a02 -> 
  custom:container-demuxer-ogg: 62fdf1f143b41e24485cea50d1cbac27 -> 
  custom:video-encoder-webm-vp8: eb34c28f22e8b96e1ab97ce403110664 -> 
  custom:video-decoder-webm-vp8: 9c59270c3fd7afecdb556c50c9e8de78 -> 
  custom:audio-decoder-ogg-vorbis: bf7c407c2cedff20999df2af8eb42d56 -> 
  custom:audio-encoder-webm-vorbis: bf7c407c2cedff20999df2af8eb42d56 -> 
========================================================================
Received Import Request.
  Time since last request: 2683.326181 seconds.
  path: Assets/ThirdParty/BackgroundDownload/Samples
  artifactKey: Guid(70c84e7ab60ff47e58e7422d12a47c63) Importer(815301076,1909f56bfc062723c751e8b465ee728b)
Start importing Assets/ThirdParty/BackgroundDownload/Samples using Guid(70c84e7ab60ff47e58e7422d12a47c63) Importer(815301076,1909f56bfc062723c751e8b465ee728b)  -> (artifact id: 'd4c9da680ddc56a00e44a4e33b6401c1') in 0.004779 seconds 
  Import took 0.017298 seconds .

========================================================================
Received Import Request.
  Time since last request: 10.092926 seconds.
  path: Assets/ThirdParty/BackgroundDownload/Runtime/Plugins/Android/backgrounddownload.androidlib
  artifactKey: Guid(c467ff3e197564d2eae2496c52ade6c1) Importer(815301076,1909f56bfc062723c751e8b465ee728b)
Start importing Assets/ThirdParty/BackgroundDownload/Runtime/Plugins/Android/backgrounddownload.androidlib using Guid(c467ff3e197564d2eae2496c52ade6c1) Importer(815301076,1909f56bfc062723c751e8b465ee728b)  -> (artifact id: 'fbd969c6d0e9ad4df4c3fb7b03476373') in 0.003917 seconds 
  Import took 0.014204 seconds .

========================================================================
Received Import Request.
  Time since last request: 139.133283 seconds.
  path: Assets/ThirdParty/BackgroundDownload/Runtime/Plugins/Android/backgrounddownload.androidlib/src/main/java/com/unity3d/backgrounddownload/BackgroundDownload.java
  artifactKey: Guid(e232d9d3e6f904ca5a092337d65a23ae) Importer(815301076,1909f56bfc062723c751e8b465ee728b)
Start importing Assets/ThirdParty/BackgroundDownload/Runtime/Plugins/Android/backgrounddownload.androidlib/src/main/java/com/unity3d/backgrounddownload/BackgroundDownload.java using Guid(e232d9d3e6f904ca5a092337d65a23ae) Importer(815301076,1909f56bfc062723c751e8b465ee728b)  -> (artifact id: '85398f81c0b1d5971a87f5b737d32bd8') in 0.028213 seconds 
  Import took 0.053110 seconds .

========================================================================
Received Import Request.
  Time since last request: 14.275924 seconds.
  path: Assets/ThirdParty/BackgroundDownload/Runtime/Plugins/Android/backgrounddownload.androidlib/build.gradle
  artifactKey: Guid(2059b70d9c2dd4bb79c6b049a0ebe522) Importer(815301076,1909f56bfc062723c751e8b465ee728b)
Start importing Assets/ThirdParty/BackgroundDownload/Runtime/Plugins/Android/backgrounddownload.androidlib/build.gradle using Guid(2059b70d9c2dd4bb79c6b049a0ebe522) Importer(815301076,1909f56bfc062723c751e8b465ee728b)  -> (artifact id: '63a5eab0ca4a3619a39322b4a6e64336') in 0.006707 seconds 
  Import took 0.019254 seconds .

========================================================================
Received Import Request.
  Time since last request: 7.067512 seconds.
  path: Assets/ThirdParty/BackgroundDownload
  artifactKey: Guid(5dd613522f59dae4aadbad07cab22d1c) Importer(815301076,1909f56bfc062723c751e8b465ee728b)
Start importing Assets/ThirdParty/BackgroundDownload using Guid(5dd613522f59dae4aadbad07cab22d1c) Importer(815301076,1909f56bfc062723c751e8b465ee728b)  -> (artifact id: '87ec9cfec64b76847f65ebf35b866e12') in 0.005419 seconds 
  Import took 0.018345 seconds .

========================================================================
Received Import Request.
  Time since last request: 323.917138 seconds.
  path: Assets/ThirdParty/BackgroundDownload/Runtime/Unity.Networking.BackgroundDownload.asmdef
  artifactKey: Guid(a4b21e772636f4f018b7cf036d722999) Importer(815301076,1909f56bfc062723c751e8b465ee728b)
Start importing Assets/ThirdParty/BackgroundDownload/Runtime/Unity.Networking.BackgroundDownload.asmdef using Guid(a4b21e772636f4f018b7cf036d722999) Importer(815301076,1909f56bfc062723c751e8b465ee728b)  -> (artifact id: 'e1f103a1f5c23e771adf4e0e941ac4b6') in 0.006584 seconds 
  Import took 0.016793 seconds .

========================================================================
Received Import Request.
  Time since last request: 3.867222 seconds.
  path: Assets/ThirdParty/DOTween
  artifactKey: Guid(1c6bd39e984d04649b82d6121b486d4e) Importer(815301076,1909f56bfc062723c751e8b465ee728b)
Start importing Assets/ThirdParty/DOTween using Guid(1c6bd39e984d04649b82d6121b486d4e) Importer(815301076,1909f56bfc062723c751e8b465ee728b)  -> (artifact id: '63c83271320699d92b7699c4c7b3a182') in 0.007562 seconds 
  Import took 0.018719 seconds .

========================================================================
Received Import Request.
  Time since last request: 0.435006 seconds.
  path: Assets/ThirdParty/EffectExamples
  artifactKey: Guid(6c0b056137d972f46a0312ba21b6263f) Importer(815301076,1909f56bfc062723c751e8b465ee728b)
Start importing Assets/ThirdParty/EffectExamples using Guid(6c0b056137d972f46a0312ba21b6263f) Importer(815301076,1909f56bfc062723c751e8b465ee728b)  -> (artifact id: 'c0695cf317e26f567ddbb6bf096b4217') in 0.004124 seconds 
  Import took 0.016667 seconds .

========================================================================
Received Import Request.
  Time since last request: 0.338787 seconds.
  path: Assets/ThirdParty/ParadoxNotion
  artifactKey: Guid(49ab1a7ea56d3f84b9e400487dd7965e) Importer(815301076,1909f56bfc062723c751e8b465ee728b)
Start importing Assets/ThirdParty/ParadoxNotion using Guid(49ab1a7ea56d3f84b9e400487dd7965e) Importer(815301076,1909f56bfc062723c751e8b465ee728b)  -> (artifact id: '56e3ae5bd1dc73abdad593ea65d29a75') in 0.009350 seconds 
  Import took 0.019514 seconds .

========================================================================
Received Import Request.
  Time since last request: 0.307087 seconds.
  path: Assets/ThirdParty/TexturePacker Importer
  artifactKey: Guid(92795e4f8bd05e24381a6ff99ac6065f) Importer(815301076,1909f56bfc062723c751e8b465ee728b)
Start importing Assets/ThirdParty/TexturePacker Importer using Guid(92795e4f8bd05e24381a6ff99ac6065f) Importer(815301076,1909f56bfc062723c751e8b465ee728b)  -> (artifact id: '7a52fb9931f193f3536a9120e4589e89') in 0.004342 seconds 
  Import took 0.015985 seconds .

========================================================================
Received Import Request.
  Time since last request: 0.322014 seconds.
  path: Assets/ThirdParty/Unity-Logs-Viewer
  artifactKey: Guid(0930d8c018389ee4fae530f4a05b00b0) Importer(815301076,1909f56bfc062723c751e8b465ee728b)
Start importing Assets/ThirdParty/Unity-Logs-Viewer using Guid(0930d8c018389ee4fae530f4a05b00b0) Importer(815301076,1909f56bfc062723c751e8b465ee728b)  -> (artifact id: '818a6bb82de4931dfe9ec81e271b6f09') in 0.003802 seconds 
  Import took 0.017039 seconds .

========================================================================
Received Prepare
Registering precompiled user dll's ...
Registered in 0.022800 seconds.
OnLevelWasLoaded was found on Reporter
This message has been deprecated and will be removed in a later version of Unity.
Add a delegate to SceneManager.sceneLoaded instead to get notifications after scene loading has completed
Begin MonoManager ReloadAssembly
OnLevelWasLoaded was found on Reporter
This message has been deprecated and will be removed in a later version of Unity.
Add a delegate to SceneManager.sceneLoaded instead to get notifications after scene loading has completed
Native extension for WindowsStandalone target not found
Refreshing native plugins compatible for Editor in 1.63 ms, found 4 plugins.
Preloading 0 native plugins for Editor in 0.00 ms.
Mono: successfully reloaded assembly
- Completed reload, in  1.877 seconds
Domain Reload Profiling:
	ReloadAssembly (1878ms)
		BeginReloadAssembly (166ms)
			ExecutionOrderSort (0ms)
			DisableScriptedObjects (5ms)
			BackupInstance (0ms)
			ReleaseScriptingObjects (0ms)
			CreateAndSetChildDomain (67ms)
		EndReloadAssembly (1625ms)
			LoadAssemblies (160ms)
			RebuildTransferFunctionScriptingTraits (0ms)
			SetupTypeCache (517ms)
			ReleaseScriptCaches (3ms)
			RebuildScriptCaches (83ms)
			SetupLoadedEditorAssemblies (704ms)
				LogAssemblyErrors (0ms)
				InitializePlatformSupportModulesInManaged (5ms)
				SetLoadedEditorAssemblies (1ms)
				RefreshPlugins (2ms)
				BeforeProcessingInitializeOnLoad (314ms)
				ProcessInitializeOnLoadAttributes (296ms)
				ProcessInitializeOnLoadMethodAttributes (73ms)
				AfterProcessingInitializeOnLoad (13ms)
				EditorAssembliesLoaded (0ms)
			ExecutionOrderSort2 (0ms)
			AwakeInstancesAfterBackupRestoration (15ms)
Platform modules already initialized, skipping
Switching build target platform(19) subTarget(0) extendedPlatform(0) -> platform(13) subTarget(589824) extendedPlatform(0)
Refreshing native plugins compatible for Editor in 1.72 ms, found 4 plugins.
Preloading 0 native plugins for Editor in 0.00 ms.
Unloading 5386 Unused Serialized files (Serialized files now loaded: 0)
System memory in use before: 208.6 MB.
System memory in use after: 209.0 MB.

Unloading 72 unused Assets to reduce memory usage. Loaded Objects now: 5907.
Total: 9.080830 ms (FindLiveObjects: 0.449438 ms CreateObjectMapping: 0.477989 ms MarkObjects: 8.110416 ms  DeleteObjects: 0.041062 ms)

AssetImportParameters requested are different than current active one (requested -> active):
  custom:framework-win-MediaFoundation: 216162199b28c13a410421893ffa2e32 -> 
  custom:video-decoder-ogg-theora: a1e56fd34408186e4bbccfd4996cb3dc -> 
  custom:container-muxer-webm: aa71ff27fc2769a1b78a27578f13a17b -> 
  custom:container-demuxer-webm: 4f35f7cbe854078d1ac9338744f61a02 -> 
  custom:container-demuxer-ogg: 62fdf1f143b41e24485cea50d1cbac27 -> 
  custom:video-encoder-webm-vp8: eb34c28f22e8b96e1ab97ce403110664 -> 
  custom:video-decoder-webm-vp8: 9c59270c3fd7afecdb556c50c9e8de78 -> 
  custom:graphics/normal-map-encoding: 01000000000000000000000000000000 -> 02000000000000000000000000000000
  custom:audio-decoder-ogg-vorbis: bf7c407c2cedff20999df2af8eb42d56 -> 
  custom:audio-encoder-webm-vorbis: bf7c407c2cedff20999df2af8eb42d56 -> 
========================================================================
Received Prepare
Refreshing native plugins compatible for Editor in 94.25 ms, found 4 plugins.
Preloading 0 native plugins for Editor in 0.00 ms.
Unloading 69 Unused Serialized files (Serialized files now loaded: 0)
System memory in use before: 105.7 MB.
System memory in use after: 106.2 MB.

Unloading 68 unused Assets to reduce memory usage. Loaded Objects now: 5907.
Total: 94.426904 ms (FindLiveObjects: 0.421849 ms CreateObjectMapping: 0.381750 ms MarkObjects: 93.584167 ms  DeleteObjects: 0.037213 ms)

AssetImportParameters requested are different than current active one (requested -> active):
  custom:framework-win-MediaFoundation: 216162199b28c13a410421893ffa2e32 -> 
  custom:video-decoder-ogg-theora: a1e56fd34408186e4bbccfd4996cb3dc -> 
  custom:container-muxer-webm: aa71ff27fc2769a1b78a27578f13a17b -> 
  custom:container-demuxer-webm: 4f35f7cbe854078d1ac9338744f61a02 -> 
  custom:container-demuxer-ogg: 62fdf1f143b41e24485cea50d1cbac27 -> 
  custom:video-encoder-webm-vp8: eb34c28f22e8b96e1ab97ce403110664 -> 
  custom:video-decoder-webm-vp8: 9c59270c3fd7afecdb556c50c9e8de78 -> 
  custom:audio-decoder-ogg-vorbis: bf7c407c2cedff20999df2af8eb42d56 -> 
  custom:audio-encoder-webm-vorbis: bf7c407c2cedff20999df2af8eb42d56 -> 
========================================================================
Received Prepare
Refreshing native plugins compatible for Editor in 110.31 ms, found 4 plugins.
Preloading 0 native plugins for Editor in 0.00 ms.
Unloading 69 Unused Serialized files (Serialized files now loaded: 0)
System memory in use before: 105.7 MB.
System memory in use after: 106.2 MB.

Unloading 68 unused Assets to reduce memory usage. Loaded Objects now: 5907.
Total: 29.717447 ms (FindLiveObjects: 0.529638 ms CreateObjectMapping: 0.554660 ms MarkObjects: 28.579898 ms  DeleteObjects: 0.051007 ms)

AssetImportParameters requested are different than current active one (requested -> active):
  custom:framework-win-MediaFoundation: 216162199b28c13a410421893ffa2e32 -> 
  custom:video-decoder-ogg-theora: a1e56fd34408186e4bbccfd4996cb3dc -> 
  custom:container-muxer-webm: aa71ff27fc2769a1b78a27578f13a17b -> 
  custom:container-demuxer-webm: 4f35f7cbe854078d1ac9338744f61a02 -> 
  custom:container-demuxer-ogg: 62fdf1f143b41e24485cea50d1cbac27 -> 
  custom:video-encoder-webm-vp8: eb34c28f22e8b96e1ab97ce403110664 -> 
  custom:video-decoder-webm-vp8: 9c59270c3fd7afecdb556c50c9e8de78 -> 
  custom:audio-decoder-ogg-vorbis: bf7c407c2cedff20999df2af8eb42d56 -> 
  custom:audio-encoder-webm-vorbis: bf7c407c2cedff20999df2af8eb42d56 -> 
========================================================================
Received Prepare
Registering precompiled user dll's ...
Registered in 0.027325 seconds.
OnLevelWasLoaded was found on Reporter
This message has been deprecated and will be removed in a later version of Unity.
Add a delegate to SceneManager.sceneLoaded instead to get notifications after scene loading has completed
Begin MonoManager ReloadAssembly
OnLevelWasLoaded was found on Reporter
This message has been deprecated and will be removed in a later version of Unity.
Add a delegate to SceneManager.sceneLoaded instead to get notifications after scene loading has completed
Native extension for WindowsStandalone target not found
Refreshing native plugins compatible for Editor in 1.39 ms, found 4 plugins.
Preloading 0 native plugins for Editor in 0.00 ms.
Mono: successfully reloaded assembly
- Completed reload, in  1.996 seconds
Domain Reload Profiling:
	ReloadAssembly (1997ms)
		BeginReloadAssembly (152ms)
			ExecutionOrderSort (0ms)
			DisableScriptedObjects (8ms)
			BackupInstance (0ms)
			ReleaseScriptingObjects (0ms)
			CreateAndSetChildDomain (45ms)
		EndReloadAssembly (1756ms)
			LoadAssemblies (166ms)
			RebuildTransferFunctionScriptingTraits (0ms)
			SetupTypeCache (524ms)
			ReleaseScriptCaches (5ms)
			RebuildScriptCaches (94ms)
			SetupLoadedEditorAssemblies (767ms)
				LogAssemblyErrors (0ms)
				InitializePlatformSupportModulesInManaged (5ms)
				SetLoadedEditorAssemblies (1ms)
				RefreshPlugins (1ms)
				BeforeProcessingInitializeOnLoad (360ms)
				ProcessInitializeOnLoadAttributes (303ms)
				ProcessInitializeOnLoadMethodAttributes (80ms)
				AfterProcessingInitializeOnLoad (16ms)
				EditorAssembliesLoaded (0ms)
			ExecutionOrderSort2 (0ms)
			AwakeInstancesAfterBackupRestoration (10ms)
Platform modules already initialized, skipping
Switching build target platform(19) subTarget(0) extendedPlatform(0) -> platform(13) subTarget(589824) extendedPlatform(0)
Refreshing native plugins compatible for Editor in 1.71 ms, found 4 plugins.
Preloading 0 native plugins for Editor in 0.00 ms.
Unloading 5386 Unused Serialized files (Serialized files now loaded: 0)
System memory in use before: 208.6 MB.
System memory in use after: 209.1 MB.

Unloading 72 unused Assets to reduce memory usage. Loaded Objects now: 5909.
Total: 8.466823 ms (FindLiveObjects: 0.423453 ms CreateObjectMapping: 0.409018 ms MarkObjects: 7.567305 ms  DeleteObjects: 0.066084 ms)

AssetImportParameters requested are different than current active one (requested -> active):
  custom:framework-win-MediaFoundation: 216162199b28c13a410421893ffa2e32 -> 
  custom:video-decoder-ogg-theora: a1e56fd34408186e4bbccfd4996cb3dc -> 
  custom:container-muxer-webm: aa71ff27fc2769a1b78a27578f13a17b -> 
  custom:container-demuxer-webm: 4f35f7cbe854078d1ac9338744f61a02 -> 
  custom:container-demuxer-ogg: 62fdf1f143b41e24485cea50d1cbac27 -> 
  custom:video-encoder-webm-vp8: eb34c28f22e8b96e1ab97ce403110664 -> 
  custom:video-decoder-webm-vp8: 9c59270c3fd7afecdb556c50c9e8de78 -> 
  custom:graphics/normal-map-encoding: 01000000000000000000000000000000 -> 02000000000000000000000000000000
  custom:audio-decoder-ogg-vorbis: bf7c407c2cedff20999df2af8eb42d56 -> 
  custom:audio-encoder-webm-vorbis: bf7c407c2cedff20999df2af8eb42d56 -> 
========================================================================
Received Prepare
Refreshing native plugins compatible for Editor in 45.54 ms, found 4 plugins.
Preloading 0 native plugins for Editor in 0.00 ms.
Unloading 69 Unused Serialized files (Serialized files now loaded: 0)
System memory in use before: 105.7 MB.
System memory in use after: 106.2 MB.

Unloading 68 unused Assets to reduce memory usage. Loaded Objects now: 5909.
Total: 7.924353 ms (FindLiveObjects: 0.427624 ms CreateObjectMapping: 0.379825 ms MarkObjects: 7.081617 ms  DeleteObjects: 0.034325 ms)

AssetImportParameters requested are different than current active one (requested -> active):
  custom:framework-win-MediaFoundation: 216162199b28c13a410421893ffa2e32 -> 
  custom:video-decoder-ogg-theora: a1e56fd34408186e4bbccfd4996cb3dc -> 
  custom:container-muxer-webm: aa71ff27fc2769a1b78a27578f13a17b -> 
  custom:container-demuxer-webm: 4f35f7cbe854078d1ac9338744f61a02 -> 
  custom:container-demuxer-ogg: 62fdf1f143b41e24485cea50d1cbac27 -> 
  custom:video-encoder-webm-vp8: eb34c28f22e8b96e1ab97ce403110664 -> 
  custom:video-decoder-webm-vp8: 9c59270c3fd7afecdb556c50c9e8de78 -> 
  custom:audio-decoder-ogg-vorbis: bf7c407c2cedff20999df2af8eb42d56 -> 
  custom:audio-encoder-webm-vorbis: bf7c407c2cedff20999df2af8eb42d56 -> 
========================================================================
Received Prepare
Refreshing native plugins compatible for Editor in 35.75 ms, found 4 plugins.
Preloading 0 native plugins for Editor in 0.00 ms.
Unloading 69 Unused Serialized files (Serialized files now loaded: 0)
System memory in use before: 105.7 MB.
System memory in use after: 106.2 MB.

Unloading 68 unused Assets to reduce memory usage. Loaded Objects now: 5909.
Total: 10.123424 ms (FindLiveObjects: 0.523542 ms CreateObjectMapping: 1.622597 ms MarkObjects: 7.940072 ms  DeleteObjects: 0.034967 ms)

AssetImportParameters requested are different than current active one (requested -> active):
  custom:framework-win-MediaFoundation: 216162199b28c13a410421893ffa2e32 -> 
  custom:video-decoder-ogg-theora: a1e56fd34408186e4bbccfd4996cb3dc -> 
  custom:container-muxer-webm: aa71ff27fc2769a1b78a27578f13a17b -> 
  custom:container-demuxer-webm: 4f35f7cbe854078d1ac9338744f61a02 -> 
  custom:container-demuxer-ogg: 62fdf1f143b41e24485cea50d1cbac27 -> 
  custom:video-encoder-webm-vp8: eb34c28f22e8b96e1ab97ce403110664 -> 
  custom:video-decoder-webm-vp8: 9c59270c3fd7afecdb556c50c9e8de78 -> 
  custom:audio-decoder-ogg-vorbis: bf7c407c2cedff20999df2af8eb42d56 -> 
  custom:audio-encoder-webm-vorbis: bf7c407c2cedff20999df2af8eb42d56 -> 
========================================================================
Received Prepare
Registering precompiled user dll's ...
Registered in 0.025191 seconds.
OnLevelWasLoaded was found on Reporter
This message has been deprecated and will be removed in a later version of Unity.
Add a delegate to SceneManager.sceneLoaded instead to get notifications after scene loading has completed
Begin MonoManager ReloadAssembly
OnLevelWasLoaded was found on Reporter
This message has been deprecated and will be removed in a later version of Unity.
Add a delegate to SceneManager.sceneLoaded instead to get notifications after scene loading has completed
Native extension for WindowsStandalone target not found
Refreshing native plugins compatible for Editor in 1.41 ms, found 4 plugins.
Preloading 0 native plugins for Editor in 0.00 ms.
Mono: successfully reloaded assembly
- Completed reload, in  2.066 seconds
Domain Reload Profiling:
	ReloadAssembly (2066ms)
		BeginReloadAssembly (172ms)
			ExecutionOrderSort (0ms)
			DisableScriptedObjects (6ms)
			BackupInstance (0ms)
			ReleaseScriptingObjects (0ms)
			CreateAndSetChildDomain (47ms)
		EndReloadAssembly (1805ms)
			LoadAssemblies (168ms)
			RebuildTransferFunctionScriptingTraits (0ms)
			SetupTypeCache (568ms)
			ReleaseScriptCaches (5ms)
			RebuildScriptCaches (90ms)
			SetupLoadedEditorAssemblies (775ms)
				LogAssemblyErrors (0ms)
				InitializePlatformSupportModulesInManaged (9ms)
				SetLoadedEditorAssemblies (1ms)
				RefreshPlugins (1ms)
				BeforeProcessingInitializeOnLoad (351ms)
				ProcessInitializeOnLoadAttributes (311ms)
				ProcessInitializeOnLoadMethodAttributes (87ms)
				AfterProcessingInitializeOnLoad (16ms)
				EditorAssembliesLoaded (0ms)
			ExecutionOrderSort2 (0ms)
			AwakeInstancesAfterBackupRestoration (11ms)
Platform modules already initialized, skipping
Switching build target platform(19) subTarget(0) extendedPlatform(0) -> platform(13) subTarget(589824) extendedPlatform(0)
Refreshing native plugins compatible for Editor in 1.46 ms, found 4 plugins.
Preloading 0 native plugins for Editor in 0.00 ms.
Unloading 5386 Unused Serialized files (Serialized files now loaded: 0)
System memory in use before: 208.6 MB.
System memory in use after: 209.1 MB.

Unloading 72 unused Assets to reduce memory usage. Loaded Objects now: 5911.
Total: 14.115114 ms (FindLiveObjects: 0.435965 ms CreateObjectMapping: 0.441097 ms MarkObjects: 13.167476 ms  DeleteObjects: 0.068972 ms)

AssetImportParameters requested are different than current active one (requested -> active):
  custom:framework-win-MediaFoundation: 216162199b28c13a410421893ffa2e32 -> 
  custom:video-decoder-ogg-theora: a1e56fd34408186e4bbccfd4996cb3dc -> 
  custom:container-muxer-webm: aa71ff27fc2769a1b78a27578f13a17b -> 
  custom:container-demuxer-webm: 4f35f7cbe854078d1ac9338744f61a02 -> 
  custom:container-demuxer-ogg: 62fdf1f143b41e24485cea50d1cbac27 -> 
  custom:video-encoder-webm-vp8: eb34c28f22e8b96e1ab97ce403110664 -> 
  custom:video-decoder-webm-vp8: 9c59270c3fd7afecdb556c50c9e8de78 -> 
  custom:graphics/normal-map-encoding: 01000000000000000000000000000000 -> 02000000000000000000000000000000
  custom:audio-decoder-ogg-vorbis: bf7c407c2cedff20999df2af8eb42d56 -> 
  custom:audio-encoder-webm-vorbis: bf7c407c2cedff20999df2af8eb42d56 -> 
========================================================================
Received Import Request.
  Time since last request: 5458.660138 seconds.
  path: Assets/_Entrance/Main.unity
  artifactKey: Guid(7d06d586840d1b64e8c674ca4cc8d9d7) Importer(815301076,1909f56bfc062723c751e8b465ee728b)
Start importing Assets/_Entrance/Main.unity using Guid(7d06d586840d1b64e8c674ca4cc8d9d7) Importer(815301076,1909f56bfc062723c751e8b465ee728b)  -> (artifact id: 'fcff5995e8b2501fffaf6b479653fbca') in 0.023035 seconds 
  Import took 0.034740 seconds .

========================================================================
Received Prepare
Registering precompiled user dll's ...
Registered in 0.028736 seconds.
OnLevelWasLoaded was found on Reporter
This message has been deprecated and will be removed in a later version of Unity.
Add a delegate to SceneManager.sceneLoaded instead to get notifications after scene loading has completed
Begin MonoManager ReloadAssembly
OnLevelWasLoaded was found on Reporter
This message has been deprecated and will be removed in a later version of Unity.
Add a delegate to SceneManager.sceneLoaded instead to get notifications after scene loading has completed
Native extension for WindowsStandalone target not found
Refreshing native plugins compatible for Editor in 1.36 ms, found 4 plugins.
Preloading 0 native plugins for Editor in 0.00 ms.
Mono: successfully reloaded assembly
- Completed reload, in  1.895 seconds
Domain Reload Profiling:
	ReloadAssembly (1895ms)
		BeginReloadAssembly (171ms)
			ExecutionOrderSort (0ms)
			DisableScriptedObjects (9ms)
			BackupInstance (0ms)
			ReleaseScriptingObjects (0ms)
			CreateAndSetChildDomain (55ms)
		EndReloadAssembly (1634ms)
			LoadAssemblies (170ms)
			RebuildTransferFunctionScriptingTraits (0ms)
			SetupTypeCache (484ms)
			ReleaseScriptCaches (4ms)
			RebuildScriptCaches (78ms)
			SetupLoadedEditorAssemblies (694ms)
				LogAssemblyErrors (0ms)
				InitializePlatformSupportModulesInManaged (5ms)
				SetLoadedEditorAssemblies (1ms)
				RefreshPlugins (1ms)
				BeforeProcessingInitializeOnLoad (305ms)
				ProcessInitializeOnLoadAttributes (287ms)
				ProcessInitializeOnLoadMethodAttributes (78ms)
				AfterProcessingInitializeOnLoad (16ms)
				EditorAssembliesLoaded (0ms)
			ExecutionOrderSort2 (0ms)
			AwakeInstancesAfterBackupRestoration (11ms)
Platform modules already initialized, skipping
Switching build target platform(19) subTarget(0) extendedPlatform(0) -> platform(13) subTarget(589824) extendedPlatform(0)
Refreshing native plugins compatible for Editor in 1.45 ms, found 4 plugins.
Preloading 0 native plugins for Editor in 0.00 ms.
Unloading 5386 Unused Serialized files (Serialized files now loaded: 0)
System memory in use before: 208.5 MB.
System memory in use after: 208.9 MB.

Unloading 72 unused Assets to reduce memory usage. Loaded Objects now: 5913.
Total: 8.712875 ms (FindLiveObjects: 0.414792 ms CreateObjectMapping: 0.429549 ms MarkObjects: 7.831322 ms  DeleteObjects: 0.035929 ms)

AssetImportParameters requested are different than current active one (requested -> active):
  custom:framework-win-MediaFoundation: 216162199b28c13a410421893ffa2e32 -> 
  custom:video-decoder-ogg-theora: a1e56fd34408186e4bbccfd4996cb3dc -> 
  custom:container-muxer-webm: aa71ff27fc2769a1b78a27578f13a17b -> 
  custom:container-demuxer-webm: 4f35f7cbe854078d1ac9338744f61a02 -> 
  custom:container-demuxer-ogg: 62fdf1f143b41e24485cea50d1cbac27 -> 
  custom:video-encoder-webm-vp8: eb34c28f22e8b96e1ab97ce403110664 -> 
  custom:video-decoder-webm-vp8: 9c59270c3fd7afecdb556c50c9e8de78 -> 
  custom:graphics/normal-map-encoding: 01000000000000000000000000000000 -> 02000000000000000000000000000000
  custom:audio-decoder-ogg-vorbis: bf7c407c2cedff20999df2af8eb42d56 -> 
  custom:audio-encoder-webm-vorbis: bf7c407c2cedff20999df2af8eb42d56 -> 
========================================================================
Received Prepare
Registering precompiled user dll's ...
Registered in 0.023368 seconds.
OnLevelWasLoaded was found on Reporter
This message has been deprecated and will be removed in a later version of Unity.
Add a delegate to SceneManager.sceneLoaded instead to get notifications after scene loading has completed
Begin MonoManager ReloadAssembly
OnLevelWasLoaded was found on Reporter
This message has been deprecated and will be removed in a later version of Unity.
Add a delegate to SceneManager.sceneLoaded instead to get notifications after scene loading has completed
Native extension for WindowsStandalone target not found
Refreshing native plugins compatible for Editor in 1.40 ms, found 4 plugins.
Preloading 0 native plugins for Editor in 0.00 ms.
Mono: successfully reloaded assembly
- Completed reload, in  2.607 seconds
Domain Reload Profiling:
	ReloadAssembly (2608ms)
		BeginReloadAssembly (231ms)
			ExecutionOrderSort (0ms)
			DisableScriptedObjects (8ms)
			BackupInstance (0ms)
			ReleaseScriptingObjects (0ms)
			CreateAndSetChildDomain (76ms)
		EndReloadAssembly (2234ms)
			LoadAssemblies (299ms)
			RebuildTransferFunctionScriptingTraits (0ms)
			SetupTypeCache (585ms)
			ReleaseScriptCaches (3ms)
			RebuildScriptCaches (108ms)
			SetupLoadedEditorAssemblies (979ms)
				LogAssemblyErrors (0ms)
				InitializePlatformSupportModulesInManaged (7ms)
				SetLoadedEditorAssemblies (1ms)
				RefreshPlugins (1ms)
				BeforeProcessingInitializeOnLoad (378ms)
				ProcessInitializeOnLoadAttributes (472ms)
				ProcessInitializeOnLoadMethodAttributes (101ms)
				AfterProcessingInitializeOnLoad (18ms)
				EditorAssembliesLoaded (0ms)
			ExecutionOrderSort2 (0ms)
			AwakeInstancesAfterBackupRestoration (12ms)
Platform modules already initialized, skipping
Switching build target platform(19) subTarget(0) extendedPlatform(0) -> platform(13) subTarget(589824) extendedPlatform(0)
Refreshing native plugins compatible for Editor in 1.42 ms, found 4 plugins.
Preloading 0 native plugins for Editor in 0.00 ms.
Unloading 5386 Unused Serialized files (Serialized files now loaded: 0)
System memory in use before: 208.7 MB.
System memory in use after: 209.1 MB.

Unloading 72 unused Assets to reduce memory usage. Loaded Objects now: 5915.
Total: 10.053490 ms (FindLiveObjects: 0.463553 ms CreateObjectMapping: 0.578078 ms MarkObjects: 8.964701 ms  DeleteObjects: 0.045553 ms)

AssetImportParameters requested are different than current active one (requested -> active):
  custom:framework-win-MediaFoundation: 216162199b28c13a410421893ffa2e32 -> 
  custom:video-decoder-ogg-theora: a1e56fd34408186e4bbccfd4996cb3dc -> 
  custom:container-muxer-webm: aa71ff27fc2769a1b78a27578f13a17b -> 
  custom:container-demuxer-webm: 4f35f7cbe854078d1ac9338744f61a02 -> 
  custom:container-demuxer-ogg: 62fdf1f143b41e24485cea50d1cbac27 -> 
  custom:video-encoder-webm-vp8: eb34c28f22e8b96e1ab97ce403110664 -> 
  custom:video-decoder-webm-vp8: 9c59270c3fd7afecdb556c50c9e8de78 -> 
  custom:graphics/normal-map-encoding: 01000000000000000000000000000000 -> 02000000000000000000000000000000
  custom:audio-decoder-ogg-vorbis: bf7c407c2cedff20999df2af8eb42d56 -> 
  custom:audio-encoder-webm-vorbis: bf7c407c2cedff20999df2af8eb42d56 -> 
========================================================================
Received Import Request.
  Time since last request: 7342.652501 seconds.
  path: Assets/BuildReports/Mobile/38855e03ecaac1446a9e4f981b6a0ab0
  artifactKey: Guid(da925ee8ec68b704ab90dd4b3ae74af0) Importer(815301076,1909f56bfc062723c751e8b465ee728b)
Start importing Assets/BuildReports/Mobile/38855e03ecaac1446a9e4f981b6a0ab0 using Guid(da925ee8ec68b704ab90dd4b3ae74af0) Importer(815301076,1909f56bfc062723c751e8b465ee728b)  -> (artifact id: 'bcf3301a14996e6822d1b54c4555701f') in 0.017712 seconds 
  Import took 0.028218 seconds .

========================================================================
Received Import Request.
  Time since last request: 2.083981 seconds.
  path: Assets/BuildReports/Mobile/dd696c8dcda62ad4997cd4db74b8f5e8
  artifactKey: Guid(1aa6d87f089bd7b4596855d401425f49) Importer(815301076,1909f56bfc062723c751e8b465ee728b)
Start importing Assets/BuildReports/Mobile/dd696c8dcda62ad4997cd4db74b8f5e8 using Guid(1aa6d87f089bd7b4596855d401425f49) Importer(815301076,1909f56bfc062723c751e8b465ee728b)  -> (artifact id: '9e5fd4c76ebc0d6e58083bd40e992fed') in 0.004662 seconds 
  Import took 0.025652 seconds .

========================================================================
Received Import Request.
  Time since last request: 90.101962 seconds.
  path: Assets/BuildReports
  artifactKey: Guid(5e6193d66676e2e458fab8ec0f7377c1) Importer(815301076,1909f56bfc062723c751e8b465ee728b)
Start importing Assets/BuildReports using Guid(5e6193d66676e2e458fab8ec0f7377c1) Importer(815301076,1909f56bfc062723c751e8b465ee728b)  -> (artifact id: '945ecd565d817f14a01a3e00a431903a') in 0.006121 seconds 
  Import took 0.018260 seconds .

